<?xml version="1.0" encoding="UTF-8"?><testsuite errors="0" failures="0" name="com.gorest.gorestinfo.UserCRUDTestWithSteps" skipped="0" tests="4" time="8.89" timestamp="2023-01-02T01:50:41.041Z[Europe/London]"><testcase classname="com.gorest.gorestinfo.UserCRUDTestWithSteps" name="This will create new user"/><testcase classname="com.gorest.gorestinfo.UserCRUDTestWithSteps" name="Verify if the user was added to the application"/><testcase classname="com.gorest.gorestinfo.UserCRUDTestWithSteps" name="Update the user information and verify the updated information"/><testcase classname="com.gorest.gorestinfo.UserCRUDTestWithSteps" name="Delete the product and verify if the product is deleted!"/></testsuite>